<?xml version="1.0" encoding="UTF-8"?>
<!-- Generated by org.testng.reporters.JUnitXMLReporter -->
<testsuite ignored="0" hostname="QUASPC1210" failures="1" tests="1" name="Test" time="0.039" errors="0" timestamp="2022-05-17T15:15:12 IST">
  <testcase classname="Jira_Automation.Add_Bug.AppTestTest" name="fdd" time="0.012">
    <failure type="java.io.FileNotFoundException" message="dsfdsdfdfdf.xls (The system cannot find the file specified)">
      <![CDATA[java.io.FileNotFoundException: dsfdsdfdfdf.xls (The system cannot find the file specified)
at java.base/java.io.FileInputStream.open0(Native Method)
at java.base/java.io.FileInputStream.open(FileInputStream.java:219)
at java.base/java.io.FileInputStream.<init>(FileInputStream.java:157)
at utilities.ExcelUtils.setExcelFile(ExcelUtils.java:24)
at Jira_Automation.Add_Bug.AppTestTest.fdd(AppTestTest.java:22)
at java.base/java.util.ArrayList.forEach(ArrayList.java:1541)
... Removed 27 stack frames]]>
    </failure>
  </testcase> <!-- fdd -->
</testsuite> <!-- Test -->
